2018-05-01 18:20:42.545+0000 INFO  ======== Neo4j 3.3.5 ========
2018-05-01 18:20:42.590+0000 INFO  Starting...
2018-05-01 18:20:53.945+0000 INFO  Bolt enabled on localhost:7472.
2018-05-01 18:21:01.691+0000 INFO  Started.
2018-05-01 18:21:02.511+0000 INFO  Remote interface available at http://localhost:7474/
2018-05-07 03:00:07.324+0000 ERROR The RuntimeException could not be mapped to a response, re-throwing to the HTTP container The database has encountered a critical error, and needs to be restarted. Please see database logs for more details.
org.neo4j.graphdb.TransactionFailureException: The database has encountered a critical error, and needs to be restarted. Please see database logs for more details.
	at org.neo4j.kernel.impl.factory.ClassicCoreSPI.beginTransaction(ClassicCoreSPI.java:198)
	at org.neo4j.kernel.impl.factory.GraphDatabaseFacade.beginTransactionInternal(GraphDatabaseFacade.java:612)
	at org.neo4j.kernel.impl.factory.GraphDatabaseFacade.beginTransaction(GraphDatabaseFacade.java:405)
	at org.neo4j.server.rest.transactional.TransactionalRequestDispatcher.dispatch(TransactionalRequestDispatcher.java:63)
	at com.sun.jersey.server.impl.uri.rules.HttpMethodRule.accept(HttpMethodRule.java:302)
	at com.sun.jersey.server.impl.uri.rules.RightHandPathRule.accept(RightHandPathRule.java:147)
	at com.sun.jersey.server.impl.uri.rules.ResourceClassRule.accept(ResourceClassRule.java:108)
	at com.sun.jersey.server.impl.uri.rules.RightHandPathRule.accept(RightHandPathRule.java:147)
	at com.sun.jersey.server.impl.uri.rules.RootResourceClassesRule.accept(RootResourceClassesRule.java:84)
	at com.sun.jersey.server.impl.application.WebApplicationImpl._handleRequest(WebApplicationImpl.java:1542)
	at com.sun.jersey.server.impl.application.WebApplicationImpl._handleRequest(WebApplicationImpl.java:1473)
	at com.sun.jersey.server.impl.application.WebApplicationImpl.handleRequest(WebApplicationImpl.java:1419)
	at com.sun.jersey.server.impl.application.WebApplicationImpl.handleRequest(WebApplicationImpl.java:1409)
	at com.sun.jersey.spi.container.servlet.WebComponent.service(WebComponent.java:409)
	at com.sun.jersey.spi.container.servlet.ServletContainer.service(ServletContainer.java:558)
	at com.sun.jersey.spi.container.servlet.ServletContainer.service(ServletContainer.java:733)
	at javax.servlet.http.HttpServlet.service(HttpServlet.java:790)
	at org.eclipse.jetty.servlet.ServletHolder.handle(ServletHolder.java:812)
	at org.eclipse.jetty.servlet.ServletHandler$CachedChain.doFilter(ServletHandler.java:1669)
	at org.neo4j.server.rest.dbms.AuthorizationDisabledFilter.doFilter(AuthorizationDisabledFilter.java:49)
	at org.eclipse.jetty.servlet.ServletHandler$CachedChain.doFilter(ServletHandler.java:1652)
	at org.neo4j.server.rest.web.CollectUserAgentFilter.doFilter(CollectUserAgentFilter.java:69)
	at org.eclipse.jetty.servlet.ServletHandler$CachedChain.doFilter(ServletHandler.java:1652)
	at org.eclipse.jetty.servlet.ServletHandler.doHandle(ServletHandler.java:585)
	at org.eclipse.jetty.server.session.SessionHandler.doHandle(SessionHandler.java:221)
	at org.eclipse.jetty.server.handler.ContextHandler.doHandle(ContextHandler.java:1127)
	at org.eclipse.jetty.servlet.ServletHandler.doScope(ServletHandler.java:515)
	at org.eclipse.jetty.server.session.SessionHandler.doScope(SessionHandler.java:185)
	at org.eclipse.jetty.server.handler.ContextHandler.doScope(ContextHandler.java:1061)
	at org.eclipse.jetty.server.handler.ScopedHandler.handle(ScopedHandler.java:141)
	at org.eclipse.jetty.server.handler.HandlerList.handle(HandlerList.java:52)
	at org.eclipse.jetty.server.handler.HandlerWrapper.handle(HandlerWrapper.java:97)
	at org.eclipse.jetty.server.Server.handle(Server.java:499)
	at org.eclipse.jetty.server.HttpChannel.handle(HttpChannel.java:311)
	at org.eclipse.jetty.server.HttpConnection.onFillable(HttpConnection.java:258)
	at org.eclipse.jetty.io.AbstractConnection$2.run(AbstractConnection.java:544)
	at org.eclipse.jetty.util.thread.QueuedThreadPool.runJob(QueuedThreadPool.java:635)
	at org.eclipse.jetty.util.thread.QueuedThreadPool$3.run(QueuedThreadPool.java:555)
	at java.lang.Thread.run(Thread.java:745)
Caused by: org.neo4j.kernel.api.exceptions.TransactionFailureException: The database has encountered a critical error, and needs to be restarted. Please see database logs for more details.
	at sun.reflect.NativeConstructorAccessorImpl.newInstance0(Native Method)
	at sun.reflect.NativeConstructorAccessorImpl.newInstance(NativeConstructorAccessorImpl.java:62)
	at sun.reflect.DelegatingConstructorAccessorImpl.newInstance(DelegatingConstructorAccessorImpl.java:45)
	at java.lang.reflect.Constructor.newInstance(Constructor.java:423)
	at org.neo4j.kernel.internal.DatabaseHealth.assertHealthy(DatabaseHealth.java:63)
	at org.neo4j.kernel.impl.api.Kernel.newTransaction(Kernel.java:94)
	at org.neo4j.kernel.impl.factory.ClassicCoreSPI.beginTransaction(ClassicCoreSPI.java:190)
	... 38 more
Caused by: org.neo4j.kernel.api.exceptions.TransactionApplyKernelException: Failed to apply transaction: null
	at org.neo4j.kernel.impl.storageengine.impl.recordstorage.RecordStorageEngine.apply(RecordStorageEngine.java:337)
	at org.neo4j.kernel.impl.api.TransactionRepresentationCommitProcess.applyToStore(TransactionRepresentationCommitProcess.java:78)
	at org.neo4j.kernel.impl.api.TransactionRepresentationCommitProcess.commit(TransactionRepresentationCommitProcess.java:51)
	at org.neo4j.kernel.impl.api.KernelTransactionImplementation.commit(KernelTransactionImplementation.java:601)
	at org.neo4j.kernel.impl.api.KernelTransactionImplementation.closeTransaction(KernelTransactionImplementation.java:471)
	at org.neo4j.kernel.api.KernelTransaction.close(KernelTransaction.java:138)
	at org.neo4j.server.rest.transactional.TransitionalTxManagementKernelTransaction.commit(TransitionalTxManagementKernelTransaction.java:97)
	at org.neo4j.server.rest.transactional.TransactionHandle.closeContextAndCollectErrors(TransactionHandle.java:250)
	at org.neo4j.server.rest.transactional.TransactionHandle.commit(TransactionHandle.java:158)
	at org.neo4j.server.rest.web.TransactionalService.lambda$executeStatementsAndCommit$1(TransactionalService.java:218)
	at com.sun.jersey.core.impl.provider.entity.StreamingOutputProvider.writeTo(StreamingOutputProvider.java:71)
	at com.sun.jersey.core.impl.provider.entity.StreamingOutputProvider.writeTo(StreamingOutputProvider.java:57)
	at com.sun.jersey.spi.container.ContainerResponse.write(ContainerResponse.java:302)
	at com.sun.jersey.server.impl.application.WebApplicationImpl._handleRequest(WebApplicationImpl.java:1510)
	... 28 more
Caused by: java.io.IOException: Failed to flush index updates
	at org.neo4j.kernel.impl.transaction.command.IndexBatchTransactionApplier.applyPendingLabelAndIndexUpdates(IndexBatchTransactionApplier.java:103)
	at org.neo4j.kernel.impl.transaction.command.IndexBatchTransactionApplier.close(IndexBatchTransactionApplier.java:124)
	at org.neo4j.kernel.impl.api.BatchTransactionApplierFacade.close(BatchTransactionApplierFacade.java:70)
	at org.neo4j.kernel.impl.storageengine.impl.recordstorage.RecordStorageEngine.apply(RecordStorageEngine.java:334)
	... 41 more
Caused by: java.util.concurrent.ExecutionException: org.neo4j.kernel.impl.store.UnderlyingStorageException: java.nio.file.NoSuchFileException: /Users/chelseatroy/workspace/investment_manager/db/neo4j/development/data/databases/graph.db/schema/index/lucene_native-1.0/1/lucene-1.0/1/write.lock
	at org.neo4j.concurrent.WorkSync.checkFailure(WorkSync.java:182)
	at org.neo4j.concurrent.WorkSync.apply(WorkSync.java:91)
	at org.neo4j.kernel.impl.transaction.command.IndexBatchTransactionApplier.applyPendingLabelAndIndexUpdates(IndexBatchTransactionApplier.java:99)
	... 44 more
Caused by: org.neo4j.kernel.impl.store.UnderlyingStorageException: java.nio.file.NoSuchFileException: /Users/chelseatroy/workspace/investment_manager/db/neo4j/development/data/databases/graph.db/schema/index/lucene_native-1.0/1/lucene-1.0/1/write.lock
	at org.neo4j.kernel.impl.transaction.command.IndexUpdatesWork.apply(IndexUpdatesWork.java:67)
	at org.neo4j.kernel.impl.transaction.command.IndexUpdatesWork.apply(IndexUpdatesWork.java:42)
	at org.neo4j.concurrent.WorkSync.doSynchronizedWork(WorkSync.java:231)
	at org.neo4j.concurrent.WorkSync.tryDoWork(WorkSync.java:157)
	... 46 more
Caused by: java.nio.file.NoSuchFileException: /Users/chelseatroy/workspace/investment_manager/db/neo4j/development/data/databases/graph.db/schema/index/lucene_native-1.0/1/lucene-1.0/1/write.lock
	at sun.nio.fs.UnixException.translateToIOException(UnixException.java:86)
	at sun.nio.fs.UnixException.rethrowAsIOException(UnixException.java:102)
	at sun.nio.fs.UnixException.rethrowAsIOException(UnixException.java:107)
	at sun.nio.fs.UnixFileAttributeViews$Basic.readAttributes(UnixFileAttributeViews.java:55)
	at sun.nio.fs.UnixFileSystemProvider.readAttributes(UnixFileSystemProvider.java:144)
	at java.nio.file.Files.readAttributes(Files.java:1737)
	at org.apache.lucene.store.NativeFSLockFactory$NativeFSLock.ensureValid(NativeFSLockFactory.java:177)
	at org.apache.lucene.store.LockValidatingDirectoryWrapper.createOutput(LockValidatingDirectoryWrapper.java:43)
	at org.apache.lucene.store.TrackingDirectoryWrapper.createOutput(TrackingDirectoryWrapper.java:43)
	at org.apache.lucene.codecs.compressing.CompressingStoredFieldsWriter.<init>(CompressingStoredFieldsWriter.java:108)
	at org.apache.lucene.codecs.compressing.CompressingStoredFieldsFormat.fieldsWriter(CompressingStoredFieldsFormat.java:128)
	at org.apache.lucene.codecs.lucene50.Lucene50StoredFieldsFormat.fieldsWriter(Lucene50StoredFieldsFormat.java:183)
	at org.apache.lucene.index.DefaultIndexingChain.initStoredFieldsWriter(DefaultIndexingChain.java:81)
	at org.apache.lucene.index.DefaultIndexingChain.startStoredFields(DefaultIndexingChain.java:279)
	at org.apache.lucene.index.DefaultIndexingChain.processDocument(DefaultIndexingChain.java:316)
	at org.apache.lucene.index.DocumentsWriterPerThread.updateDocument(DocumentsWriterPerThread.java:234)
	at org.apache.lucene.index.DocumentsWriter.updateDocument(DocumentsWriter.java:450)
	at org.apache.lucene.index.IndexWriter.updateDocument(IndexWriter.java:1477)
	at org.neo4j.kernel.api.impl.schema.writer.PartitionedIndexWriter.updateDocument(PartitionedIndexWriter.java:74)
	at org.neo4j.kernel.api.impl.schema.LuceneIndexAccessor$LuceneIndexUpdater.addIdempotent(LuceneIndexAccessor.java:184)
	at org.neo4j.kernel.api.impl.schema.LuceneIndexAccessor$LuceneIndexUpdater.process(LuceneIndexAccessor.java:154)
	at org.neo4j.kernel.impl.index.schema.fusion.FusionIndexUpdater.process(FusionIndexUpdater.java:48)
	at org.neo4j.kernel.impl.api.index.updater.UpdateCountingIndexUpdater.process(UpdateCountingIndexUpdater.java:46)
	at org.neo4j.kernel.impl.api.index.updater.DelegatingIndexUpdater.process(DelegatingIndexUpdater.java:40)
	at org.neo4j.kernel.impl.api.index.updater.DelegatingIndexUpdater.process(DelegatingIndexUpdater.java:40)
	at org.neo4j.kernel.impl.api.index.IndexingService.processUpdate(IndexingService.java:467)
	at org.neo4j.kernel.impl.api.index.IndexingService.apply(IndexingService.java:430)
	at org.neo4j.kernel.impl.api.index.IndexingService.apply(IndexingService.java:414)
	at org.neo4j.kernel.impl.transaction.command.IndexUpdatesWork.apply(IndexUpdatesWork.java:63)
	... 49 more
2018-05-07 03:00:07.325+0000 WARN  /db/data/schema/constraint The database has encountered a critical error, and needs to be restarted. Please see database logs for more details.
org.neo4j.graphdb.TransactionFailureException: The database has encountered a critical error, and needs to be restarted. Please see database logs for more details.
	at org.neo4j.kernel.impl.factory.ClassicCoreSPI.beginTransaction(ClassicCoreSPI.java:198)
	at org.neo4j.kernel.impl.factory.GraphDatabaseFacade.beginTransactionInternal(GraphDatabaseFacade.java:612)
	at org.neo4j.kernel.impl.factory.GraphDatabaseFacade.beginTransaction(GraphDatabaseFacade.java:405)
	at org.neo4j.server.rest.transactional.TransactionalRequestDispatcher.dispatch(TransactionalRequestDispatcher.java:63)
	at com.sun.jersey.server.impl.uri.rules.HttpMethodRule.accept(HttpMethodRule.java:302)
	at com.sun.jersey.server.impl.uri.rules.RightHandPathRule.accept(RightHandPathRule.java:147)
	at com.sun.jersey.server.impl.uri.rules.ResourceClassRule.accept(ResourceClassRule.java:108)
	at com.sun.jersey.server.impl.uri.rules.RightHandPathRule.accept(RightHandPathRule.java:147)
	at com.sun.jersey.server.impl.uri.rules.RootResourceClassesRule.accept(RootResourceClassesRule.java:84)
	at com.sun.jersey.server.impl.application.WebApplicationImpl._handleRequest(WebApplicationImpl.java:1542)
	at com.sun.jersey.server.impl.application.WebApplicationImpl._handleRequest(WebApplicationImpl.java:1473)
	at com.sun.jersey.server.impl.application.WebApplicationImpl.handleRequest(WebApplicationImpl.java:1419)
	at com.sun.jersey.server.impl.application.WebApplicationImpl.handleRequest(WebApplicationImpl.java:1409)
	at com.sun.jersey.spi.container.servlet.WebComponent.service(WebComponent.java:409)
	at com.sun.jersey.spi.container.servlet.ServletContainer.service(ServletContainer.java:558)
	at com.sun.jersey.spi.container.servlet.ServletContainer.service(ServletContainer.java:733)
	at javax.servlet.http.HttpServlet.service(HttpServlet.java:790)
	at org.eclipse.jetty.servlet.ServletHolder.handle(ServletHolder.java:812)
	at org.eclipse.jetty.servlet.ServletHandler$CachedChain.doFilter(ServletHandler.java:1669)
	at org.neo4j.server.rest.dbms.AuthorizationDisabledFilter.doFilter(AuthorizationDisabledFilter.java:49)
	at org.eclipse.jetty.servlet.ServletHandler$CachedChain.doFilter(ServletHandler.java:1652)
	at org.neo4j.server.rest.web.CollectUserAgentFilter.doFilter(CollectUserAgentFilter.java:69)
	at org.eclipse.jetty.servlet.ServletHandler$CachedChain.doFilter(ServletHandler.java:1652)
	at org.eclipse.jetty.servlet.ServletHandler.doHandle(ServletHandler.java:585)
	at org.eclipse.jetty.server.session.SessionHandler.doHandle(SessionHandler.java:221)
	at org.eclipse.jetty.server.handler.ContextHandler.doHandle(ContextHandler.java:1127)
	at org.eclipse.jetty.servlet.ServletHandler.doScope(ServletHandler.java:515)
	at org.eclipse.jetty.server.session.SessionHandler.doScope(SessionHandler.java:185)
	at org.eclipse.jetty.server.handler.ContextHandler.doScope(ContextHandler.java:1061)
	at org.eclipse.jetty.server.handler.ScopedHandler.handle(ScopedHandler.java:141)
	at org.eclipse.jetty.server.handler.HandlerList.handle(HandlerList.java:52)
	at org.eclipse.jetty.server.handler.HandlerWrapper.handle(HandlerWrapper.java:97)
	at org.eclipse.jetty.server.Server.handle(Server.java:499)
	at org.eclipse.jetty.server.HttpChannel.handle(HttpChannel.java:311)
	at org.eclipse.jetty.server.HttpConnection.onFillable(HttpConnection.java:258)
	at org.eclipse.jetty.io.AbstractConnection$2.run(AbstractConnection.java:544)
	at org.eclipse.jetty.util.thread.QueuedThreadPool.runJob(QueuedThreadPool.java:635)
	at org.eclipse.jetty.util.thread.QueuedThreadPool$3.run(QueuedThreadPool.java:555)
	at java.lang.Thread.run(Thread.java:745)
Caused by: org.neo4j.kernel.api.exceptions.TransactionFailureException: The database has encountered a critical error, and needs to be restarted. Please see database logs for more details.
	at sun.reflect.NativeConstructorAccessorImpl.newInstance0(Native Method)
	at sun.reflect.NativeConstructorAccessorImpl.newInstance(NativeConstructorAccessorImpl.java:62)
	at sun.reflect.DelegatingConstructorAccessorImpl.newInstance(DelegatingConstructorAccessorImpl.java:45)
	at java.lang.reflect.Constructor.newInstance(Constructor.java:423)
	at org.neo4j.kernel.internal.DatabaseHealth.assertHealthy(DatabaseHealth.java:63)
	at org.neo4j.kernel.impl.api.Kernel.newTransaction(Kernel.java:94)
	at org.neo4j.kernel.impl.factory.ClassicCoreSPI.beginTransaction(ClassicCoreSPI.java:190)
	... 38 more
Caused by: org.neo4j.kernel.api.exceptions.TransactionApplyKernelException: Failed to apply transaction: null
	at org.neo4j.kernel.impl.storageengine.impl.recordstorage.RecordStorageEngine.apply(RecordStorageEngine.java:337)
	at org.neo4j.kernel.impl.api.TransactionRepresentationCommitProcess.applyToStore(TransactionRepresentationCommitProcess.java:78)
	at org.neo4j.kernel.impl.api.TransactionRepresentationCommitProcess.commit(TransactionRepresentationCommitProcess.java:51)
	at org.neo4j.kernel.impl.api.KernelTransactionImplementation.commit(KernelTransactionImplementation.java:601)
	at org.neo4j.kernel.impl.api.KernelTransactionImplementation.closeTransaction(KernelTransactionImplementation.java:471)
	at org.neo4j.kernel.api.KernelTransaction.close(KernelTransaction.java:138)
	at org.neo4j.server.rest.transactional.TransitionalTxManagementKernelTransaction.commit(TransitionalTxManagementKernelTransaction.java:97)
	at org.neo4j.server.rest.transactional.TransactionHandle.closeContextAndCollectErrors(TransactionHandle.java:250)
	at org.neo4j.server.rest.transactional.TransactionHandle.commit(TransactionHandle.java:158)
	at org.neo4j.server.rest.web.TransactionalService.lambda$executeStatementsAndCommit$1(TransactionalService.java:218)
	at com.sun.jersey.core.impl.provider.entity.StreamingOutputProvider.writeTo(StreamingOutputProvider.java:71)
	at com.sun.jersey.core.impl.provider.entity.StreamingOutputProvider.writeTo(StreamingOutputProvider.java:57)
	at com.sun.jersey.spi.container.ContainerResponse.write(ContainerResponse.java:302)
	at com.sun.jersey.server.impl.application.WebApplicationImpl._handleRequest(WebApplicationImpl.java:1510)
	... 28 more
Caused by: java.io.IOException: Failed to flush index updates
	at org.neo4j.kernel.impl.transaction.command.IndexBatchTransactionApplier.applyPendingLabelAndIndexUpdates(IndexBatchTransactionApplier.java:103)
	at org.neo4j.kernel.impl.transaction.command.IndexBatchTransactionApplier.close(IndexBatchTransactionApplier.java:124)
	at org.neo4j.kernel.impl.api.BatchTransactionApplierFacade.close(BatchTransactionApplierFacade.java:70)
	at org.neo4j.kernel.impl.storageengine.impl.recordstorage.RecordStorageEngine.apply(RecordStorageEngine.java:334)
	... 41 more
Caused by: java.util.concurrent.ExecutionException: org.neo4j.kernel.impl.store.UnderlyingStorageException: java.nio.file.NoSuchFileException: /Users/chelseatroy/workspace/investment_manager/db/neo4j/development/data/databases/graph.db/schema/index/lucene_native-1.0/1/lucene-1.0/1/write.lock
	at org.neo4j.concurrent.WorkSync.checkFailure(WorkSync.java:182)
	at org.neo4j.concurrent.WorkSync.apply(WorkSync.java:91)
	at org.neo4j.kernel.impl.transaction.command.IndexBatchTransactionApplier.applyPendingLabelAndIndexUpdates(IndexBatchTransactionApplier.java:99)
	... 44 more
Caused by: org.neo4j.kernel.impl.store.UnderlyingStorageException: java.nio.file.NoSuchFileException: /Users/chelseatroy/workspace/investment_manager/db/neo4j/development/data/databases/graph.db/schema/index/lucene_native-1.0/1/lucene-1.0/1/write.lock
	at org.neo4j.kernel.impl.transaction.command.IndexUpdatesWork.apply(IndexUpdatesWork.java:67)
	at org.neo4j.kernel.impl.transaction.command.IndexUpdatesWork.apply(IndexUpdatesWork.java:42)
	at org.neo4j.concurrent.WorkSync.doSynchronizedWork(WorkSync.java:231)
	at org.neo4j.concurrent.WorkSync.tryDoWork(WorkSync.java:157)
	... 46 more
Caused by: java.nio.file.NoSuchFileException: /Users/chelseatroy/workspace/investment_manager/db/neo4j/development/data/databases/graph.db/schema/index/lucene_native-1.0/1/lucene-1.0/1/write.lock
	at sun.nio.fs.UnixException.translateToIOException(UnixException.java:86)
	at sun.nio.fs.UnixException.rethrowAsIOException(UnixException.java:102)
	at sun.nio.fs.UnixException.rethrowAsIOException(UnixException.java:107)
	at sun.nio.fs.UnixFileAttributeViews$Basic.readAttributes(UnixFileAttributeViews.java:55)
	at sun.nio.fs.UnixFileSystemProvider.readAttributes(UnixFileSystemProvider.java:144)
	at java.nio.file.Files.readAttributes(Files.java:1737)
	at org.apache.lucene.store.NativeFSLockFactory$NativeFSLock.ensureValid(NativeFSLockFactory.java:177)
	at org.apache.lucene.store.LockValidatingDirectoryWrapper.createOutput(LockValidatingDirectoryWrapper.java:43)
	at org.apache.lucene.store.TrackingDirectoryWrapper.createOutput(TrackingDirectoryWrapper.java:43)
	at org.apache.lucene.codecs.compressing.CompressingStoredFieldsWriter.<init>(CompressingStoredFieldsWriter.java:108)
	at org.apache.lucene.codecs.compressing.CompressingStoredFieldsFormat.fieldsWriter(CompressingStoredFieldsFormat.java:128)
	at org.apache.lucene.codecs.lucene50.Lucene50StoredFieldsFormat.fieldsWriter(Lucene50StoredFieldsFormat.java:183)
	at org.apache.lucene.index.DefaultIndexingChain.initStoredFieldsWriter(DefaultIndexingChain.java:81)
	at org.apache.lucene.index.DefaultIndexingChain.startStoredFields(DefaultIndexingChain.java:279)
	at org.apache.lucene.index.DefaultIndexingChain.processDocument(DefaultIndexingChain.java:316)
	at org.apache.lucene.index.DocumentsWriterPerThread.updateDocument(DocumentsWriterPerThread.java:234)
	at org.apache.lucene.index.DocumentsWriter.updateDocument(DocumentsWriter.java:450)
	at org.apache.lucene.index.IndexWriter.updateDocument(IndexWriter.java:1477)
	at org.neo4j.kernel.api.impl.schema.writer.PartitionedIndexWriter.updateDocument(PartitionedIndexWriter.java:74)
	at org.neo4j.kernel.api.impl.schema.LuceneIndexAccessor$LuceneIndexUpdater.addIdempotent(LuceneIndexAccessor.java:184)
	at org.neo4j.kernel.api.impl.schema.LuceneIndexAccessor$LuceneIndexUpdater.process(LuceneIndexAccessor.java:154)
	at org.neo4j.kernel.impl.index.schema.fusion.FusionIndexUpdater.process(FusionIndexUpdater.java:48)
	at org.neo4j.kernel.impl.api.index.updater.UpdateCountingIndexUpdater.process(UpdateCountingIndexUpdater.java:46)
	at org.neo4j.kernel.impl.api.index.updater.DelegatingIndexUpdater.process(DelegatingIndexUpdater.java:40)
	at org.neo4j.kernel.impl.api.index.updater.DelegatingIndexUpdater.process(DelegatingIndexUpdater.java:40)
	at org.neo4j.kernel.impl.api.index.IndexingService.processUpdate(IndexingService.java:467)
	at org.neo4j.kernel.impl.api.index.IndexingService.apply(IndexingService.java:430)
	at org.neo4j.kernel.impl.api.index.IndexingService.apply(IndexingService.java:414)
	at org.neo4j.kernel.impl.transaction.command.IndexUpdatesWork.apply(IndexUpdatesWork.java:63)
	... 49 more
2018-05-07 03:00:07.332+0000 ERROR Failed to start transaction. The database has encountered a critical error, and needs to be restarted. Please see database logs for more details.
org.neo4j.graphdb.TransactionFailureException: The database has encountered a critical error, and needs to be restarted. Please see database logs for more details.
	at org.neo4j.kernel.impl.factory.ClassicCoreSPI.beginTransaction(ClassicCoreSPI.java:198)
	at org.neo4j.kernel.impl.factory.GraphDatabaseFacade.beginTransactionInternal(GraphDatabaseFacade.java:612)
	at org.neo4j.kernel.impl.factory.GraphDatabaseFacade.beginTransaction(GraphDatabaseFacade.java:405)
	at org.neo4j.server.rest.transactional.TransitionalTxManagementKernelTransaction.startTransaction(TransitionalTxManagementKernelTransaction.java:123)
	at org.neo4j.server.rest.transactional.TransitionalTxManagementKernelTransaction.<init>(TransitionalTxManagementKernelTransaction.java:51)
	at org.neo4j.server.rest.transactional.TransitionalPeriodTransactionMessContainer.newTransaction(TransitionalPeriodTransactionMessContainer.java:55)
	at org.neo4j.server.rest.transactional.TransactionHandle.ensureActiveTransaction(TransactionHandle.java:213)
	at org.neo4j.server.rest.transactional.TransactionHandle.execute(TransactionHandle.java:118)
	at org.neo4j.server.rest.web.TransactionalService.lambda$executeStatements$0(TransactionalService.java:204)
	at com.sun.jersey.core.impl.provider.entity.StreamingOutputProvider.writeTo(StreamingOutputProvider.java:71)
	at com.sun.jersey.core.impl.provider.entity.StreamingOutputProvider.writeTo(StreamingOutputProvider.java:57)
	at com.sun.jersey.spi.container.ContainerResponse.write(ContainerResponse.java:302)
	at com.sun.jersey.server.impl.application.WebApplicationImpl._handleRequest(WebApplicationImpl.java:1510)
	at com.sun.jersey.server.impl.application.WebApplicationImpl.handleRequest(WebApplicationImpl.java:1419)
	at com.sun.jersey.server.impl.application.WebApplicationImpl.handleRequest(WebApplicationImpl.java:1409)
	at com.sun.jersey.spi.container.servlet.WebComponent.service(WebComponent.java:409)
	at com.sun.jersey.spi.container.servlet.ServletContainer.service(ServletContainer.java:558)
	at com.sun.jersey.spi.container.servlet.ServletContainer.service(ServletContainer.java:733)
	at javax.servlet.http.HttpServlet.service(HttpServlet.java:790)
	at org.eclipse.jetty.servlet.ServletHolder.handle(ServletHolder.java:812)
	at org.eclipse.jetty.servlet.ServletHandler$CachedChain.doFilter(ServletHandler.java:1669)
	at org.neo4j.server.rest.dbms.AuthorizationDisabledFilter.doFilter(AuthorizationDisabledFilter.java:49)
	at org.eclipse.jetty.servlet.ServletHandler$CachedChain.doFilter(ServletHandler.java:1652)
	at org.neo4j.server.rest.web.CollectUserAgentFilter.doFilter(CollectUserAgentFilter.java:69)
	at org.eclipse.jetty.servlet.ServletHandler$CachedChain.doFilter(ServletHandler.java:1652)
	at org.eclipse.jetty.servlet.ServletHandler.doHandle(ServletHandler.java:585)
	at org.eclipse.jetty.server.session.SessionHandler.doHandle(SessionHandler.java:221)
	at org.eclipse.jetty.server.handler.ContextHandler.doHandle(ContextHandler.java:1127)
	at org.eclipse.jetty.servlet.ServletHandler.doScope(ServletHandler.java:515)
	at org.eclipse.jetty.server.session.SessionHandler.doScope(SessionHandler.java:185)
	at org.eclipse.jetty.server.handler.ContextHandler.doScope(ContextHandler.java:1061)
	at org.eclipse.jetty.server.handler.ScopedHandler.handle(ScopedHandler.java:141)
	at org.eclipse.jetty.server.handler.HandlerList.handle(HandlerList.java:52)
	at org.eclipse.jetty.server.handler.HandlerWrapper.handle(HandlerWrapper.java:97)
	at org.eclipse.jetty.server.Server.handle(Server.java:499)
	at org.eclipse.jetty.server.HttpChannel.handle(HttpChannel.java:311)
	at org.eclipse.jetty.server.HttpConnection.onFillable(HttpConnection.java:258)
	at org.eclipse.jetty.io.AbstractConnection$2.run(AbstractConnection.java:544)
	at org.eclipse.jetty.util.thread.QueuedThreadPool.runJob(QueuedThreadPool.java:635)
	at org.eclipse.jetty.util.thread.QueuedThreadPool$3.run(QueuedThreadPool.java:555)
	at java.lang.Thread.run(Thread.java:745)
Caused by: org.neo4j.kernel.api.exceptions.TransactionFailureException: The database has encountered a critical error, and needs to be restarted. Please see database logs for more details.
	at sun.reflect.NativeConstructorAccessorImpl.newInstance0(Native Method)
	at sun.reflect.NativeConstructorAccessorImpl.newInstance(NativeConstructorAccessorImpl.java:62)
	at sun.reflect.DelegatingConstructorAccessorImpl.newInstance(DelegatingConstructorAccessorImpl.java:45)
	at java.lang.reflect.Constructor.newInstance(Constructor.java:423)
	at org.neo4j.kernel.internal.DatabaseHealth.assertHealthy(DatabaseHealth.java:63)
	at org.neo4j.kernel.impl.api.Kernel.newTransaction(Kernel.java:94)
	at org.neo4j.kernel.impl.factory.ClassicCoreSPI.beginTransaction(ClassicCoreSPI.java:190)
	... 40 more
Caused by: org.neo4j.kernel.api.exceptions.TransactionApplyKernelException: Failed to apply transaction: null
	at org.neo4j.kernel.impl.storageengine.impl.recordstorage.RecordStorageEngine.apply(RecordStorageEngine.java:337)
	at org.neo4j.kernel.impl.api.TransactionRepresentationCommitProcess.applyToStore(TransactionRepresentationCommitProcess.java:78)
	at org.neo4j.kernel.impl.api.TransactionRepresentationCommitProcess.commit(TransactionRepresentationCommitProcess.java:51)
	at org.neo4j.kernel.impl.api.KernelTransactionImplementation.commit(KernelTransactionImplementation.java:601)
	at org.neo4j.kernel.impl.api.KernelTransactionImplementation.closeTransaction(KernelTransactionImplementation.java:471)
	at org.neo4j.kernel.api.KernelTransaction.close(KernelTransaction.java:138)
	at org.neo4j.server.rest.transactional.TransitionalTxManagementKernelTransaction.commit(TransitionalTxManagementKernelTransaction.java:97)
	at org.neo4j.server.rest.transactional.TransactionHandle.closeContextAndCollectErrors(TransactionHandle.java:250)
	at org.neo4j.server.rest.transactional.TransactionHandle.commit(TransactionHandle.java:158)
	at org.neo4j.server.rest.web.TransactionalService.lambda$executeStatementsAndCommit$1(TransactionalService.java:218)
	... 32 more
Caused by: java.io.IOException: Failed to flush index updates
	at org.neo4j.kernel.impl.transaction.command.IndexBatchTransactionApplier.applyPendingLabelAndIndexUpdates(IndexBatchTransactionApplier.java:103)
	at org.neo4j.kernel.impl.transaction.command.IndexBatchTransactionApplier.close(IndexBatchTransactionApplier.java:124)
	at org.neo4j.kernel.impl.api.BatchTransactionApplierFacade.close(BatchTransactionApplierFacade.java:70)
	at org.neo4j.kernel.impl.storageengine.impl.recordstorage.RecordStorageEngine.apply(RecordStorageEngine.java:334)
	... 41 more
Caused by: java.util.concurrent.ExecutionException: org.neo4j.kernel.impl.store.UnderlyingStorageException: java.nio.file.NoSuchFileException: /Users/chelseatroy/workspace/investment_manager/db/neo4j/development/data/databases/graph.db/schema/index/lucene_native-1.0/1/lucene-1.0/1/write.lock
	at org.neo4j.concurrent.WorkSync.checkFailure(WorkSync.java:182)
	at org.neo4j.concurrent.WorkSync.apply(WorkSync.java:91)
	at org.neo4j.kernel.impl.transaction.command.IndexBatchTransactionApplier.applyPendingLabelAndIndexUpdates(IndexBatchTransactionApplier.java:99)
	... 44 more
Caused by: org.neo4j.kernel.impl.store.UnderlyingStorageException: java.nio.file.NoSuchFileException: /Users/chelseatroy/workspace/investment_manager/db/neo4j/development/data/databases/graph.db/schema/index/lucene_native-1.0/1/lucene-1.0/1/write.lock
	at org.neo4j.kernel.impl.transaction.command.IndexUpdatesWork.apply(IndexUpdatesWork.java:67)
	at org.neo4j.kernel.impl.transaction.command.IndexUpdatesWork.apply(IndexUpdatesWork.java:42)
	at org.neo4j.concurrent.WorkSync.doSynchronizedWork(WorkSync.java:231)
	at org.neo4j.concurrent.WorkSync.tryDoWork(WorkSync.java:157)
	... 46 more
Caused by: java.nio.file.NoSuchFileException: /Users/chelseatroy/workspace/investment_manager/db/neo4j/development/data/databases/graph.db/schema/index/lucene_native-1.0/1/lucene-1.0/1/write.lock
	at sun.nio.fs.UnixException.translateToIOException(UnixException.java:86)
	at sun.nio.fs.UnixException.rethrowAsIOException(UnixException.java:102)
	at sun.nio.fs.UnixException.rethrowAsIOException(UnixException.java:107)
	at sun.nio.fs.UnixFileAttributeViews$Basic.readAttributes(UnixFileAttributeViews.java:55)
	at sun.nio.fs.UnixFileSystemProvider.readAttributes(UnixFileSystemProvider.java:144)
	at java.nio.file.Files.readAttributes(Files.java:1737)
	at org.apache.lucene.store.NativeFSLockFactory$NativeFSLock.ensureValid(NativeFSLockFactory.java:177)
	at org.apache.lucene.store.LockValidatingDirectoryWrapper.createOutput(LockValidatingDirectoryWrapper.java:43)
	at org.apache.lucene.store.TrackingDirectoryWrapper.createOutput(TrackingDirectoryWrapper.java:43)
	at org.apache.lucene.codecs.compressing.CompressingStoredFieldsWriter.<init>(CompressingStoredFieldsWriter.java:108)
	at org.apache.lucene.codecs.compressing.CompressingStoredFieldsFormat.fieldsWriter(CompressingStoredFieldsFormat.java:128)
	at org.apache.lucene.codecs.lucene50.Lucene50StoredFieldsFormat.fieldsWriter(Lucene50StoredFieldsFormat.java:183)
	at org.apache.lucene.index.DefaultIndexingChain.initStoredFieldsWriter(DefaultIndexingChain.java:81)
	at org.apache.lucene.index.DefaultIndexingChain.startStoredFields(DefaultIndexingChain.java:279)
	at org.apache.lucene.index.DefaultIndexingChain.processDocument(DefaultIndexingChain.java:316)
	at org.apache.lucene.index.DocumentsWriterPerThread.updateDocument(DocumentsWriterPerThread.java:234)
	at org.apache.lucene.index.DocumentsWriter.updateDocument(DocumentsWriter.java:450)
	at org.apache.lucene.index.IndexWriter.updateDocument(IndexWriter.java:1477)
	at org.neo4j.kernel.api.impl.schema.writer.PartitionedIndexWriter.updateDocument(PartitionedIndexWriter.java:74)
	at org.neo4j.kernel.api.impl.schema.LuceneIndexAccessor$LuceneIndexUpdater.addIdempotent(LuceneIndexAccessor.java:184)
	at org.neo4j.kernel.api.impl.schema.LuceneIndexAccessor$LuceneIndexUpdater.process(LuceneIndexAccessor.java:154)
	at org.neo4j.kernel.impl.index.schema.fusion.FusionIndexUpdater.process(FusionIndexUpdater.java:48)
	at org.neo4j.kernel.impl.api.index.updater.UpdateCountingIndexUpdater.process(UpdateCountingIndexUpdater.java:46)
	at org.neo4j.kernel.impl.api.index.updater.DelegatingIndexUpdater.process(DelegatingIndexUpdater.java:40)
	at org.neo4j.kernel.impl.api.index.updater.DelegatingIndexUpdater.process(DelegatingIndexUpdater.java:40)
	at org.neo4j.kernel.impl.api.index.IndexingService.processUpdate(IndexingService.java:467)
	at org.neo4j.kernel.impl.api.index.IndexingService.apply(IndexingService.java:430)
	at org.neo4j.kernel.impl.api.index.IndexingService.apply(IndexingService.java:414)
	at org.neo4j.kernel.impl.transaction.command.IndexUpdatesWork.apply(IndexUpdatesWork.java:63)
	... 49 more
2018-05-07 03:00:22.425+0000 ERROR Client triggered an unexpected error [TransactionStartFailed]: The database has encountered a critical error, and needs to be restarted. Please see database logs for more details., reference 9e80b73d-179b-48e1-946b-a9d74e1ba379.
2018-05-07 03:00:22.425+0000 ERROR Client triggered an unexpected error [TransactionStartFailed]: The database has encountered a critical error, and needs to be restarted. Please see database logs for more details., reference 95efdc28-1546-4631-aeff-f1e60ba39448.
2018-05-07 03:00:48.716+0000 INFO  ======== Neo4j 3.3.5 ========
2018-05-07 03:00:48.765+0000 INFO  Starting...
2018-05-07 03:00:59.658+0000 INFO  Bolt enabled on localhost:7472.
2018-05-07 03:01:07.791+0000 INFO  Started.
2018-05-07 03:01:08.934+0000 INFO  Remote interface available at http://localhost:7474/
